<?xml version="1.0" encoding="UTF-8" ?>
<testsuite errors="0" failures="0" hostname="DESKTOP-NQPAV55" name="CalcTest" skipped="0" tests="3" time="0.081" timestamp="2018-02-27T22:32:53">
  <properties>
[...]
</properties>
  <testcase classname="CalcTest" name="negativeSubtractTest" time="0.002" />
  <testcase classname="CalcTest" name="zeroSubtractTest" time="0.0" />
  <testcase classname="CalcTest" name="positiveSubtractTest" time="0.0" />
  <system-out><![CDATA[]]></system-out>
  <system-err><![CDATA[]]></system-err>
</testsuite>
